生成启动时间为 2019/9/19 12:16:34。
     1>项目“E:\C代码\比特66班\20190918\20190918\20190918.vcxproj”在节点 2 上(Build 个目标)。
     1>ClCompile:
         D:\vs2012\VC\bin\CL.exe /c /I"D:\Program Files (x86)\Visual Leak Detector\include" /ZI /nologo /W3 /WX- /Od /Oy- /D WIN32 /D _DEBUG /D _CONSOLE /D _UNICODE /D UNICODE /Gm /EHsc /RTC1 /MDd /GS /fp:precise /Zc:wchar_t /Zc:forScope /Fo"Debug\\" /Fd"Debug\vc110.pdb" /Gd /TC /analyze- /errorReport:prompt test.c
         test.c
     1>e:\c代码\比特66班\20190918\20190918\test.c(12): error C2143: 语法错误 : 缺少“;”(在“类型”的前面)
     1>e:\c代码\比特66班\20190918\20190918\test.c(13): error C2065: “choice”: 未声明的标识符
     1>e:\c代码\比特66班\20190918\20190918\test.c(14): error C2065: “choice”: 未声明的标识符
     1>e:\c代码\比特66班\20190918\20190918\test.c(18): error C2143: 语法错误 : 缺少“;”(在“类型”的前面)
     1>e:\c代码\比特66班\20190918\20190918\test.c(18): error C2143: 语法错误 : 缺少“)”(在“类型”的前面)
     1>e:\c代码\比特66班\20190918\20190918\test.c(18): error C2065: “i”: 未声明的标识符
     1>e:\c代码\比特66班\20190918\20190918\test.c(18): warning C4552: “<”: 运算符不起任何作用；应输入带副作用的运算符
     1>e:\c代码\比特66班\20190918\20190918\test.c(18): error C2059: 语法错误:“)”
     1>e:\c代码\比特66班\20190918\20190918\test.c(19): error C2143: 语法错误 : 缺少“;”(在“{”的前面)
     1>e:\c代码\比特66班\20190918\20190918\test.c(21): error C2143: 语法错误 : 缺少“;”(在“类型”的前面)
     1>e:\c代码\比特66班\20190918\20190918\test.c(21): error C2143: 语法错误 : 缺少“)”(在“类型”的前面)
     1>e:\c代码\比特66班\20190918\20190918\test.c(21): error C2065: “j”: 未声明的标识符
     1>e:\c代码\比特66班\20190918\20190918\test.c(21): warning C4552: “<”: 运算符不起任何作用；应输入带副作用的运算符
     1>e:\c代码\比特66班\20190918\20190918\test.c(21): error C2059: 语法错误:“)”
     1>e:\c代码\比特66班\20190918\20190918\test.c(22): error C2143: 语法错误 : 缺少“;”(在“{”的前面)
     1>e:\c代码\比特66班\20190918\20190918\test.c(23): error C2065: “i”: 未声明的标识符
     1>e:\c代码\比特66班\20190918\20190918\test.c(23): error C2065: “j”: 未声明的标识符
     1>e:\c代码\比特66班\20190918\20190918\test.c(29): error C2143: 语法错误 : 缺少“;”(在“类型”的前面)
     1>e:\c代码\比特66班\20190918\20190918\test.c(29): error C2143: 语法错误 : 缺少“)”(在“类型”的前面)
     1>e:\c代码\比特66班\20190918\20190918\test.c(29): error C2065: “i”: 未声明的标识符
     1>e:\c代码\比特66班\20190918\20190918\test.c(29): warning C4552: “<”: 运算符不起任何作用；应输入带副作用的运算符
     1>e:\c代码\比特66班\20190918\20190918\test.c(29): error C2059: 语法错误:“)”
     1>e:\c代码\比特66班\20190918\20190918\test.c(30): error C2143: 语法错误 : 缺少“;”(在“{”的前面)
     1>e:\c代码\比特66班\20190918\20190918\test.c(31): error C2065: “i”: 未声明的标识符
     1>e:\c代码\比特66班\20190918\20190918\test.c(73): error C2143: 语法错误 : 缺少“;”(在“类型”的前面)
     1>e:\c代码\比特66班\20190918\20190918\test.c(73): error C2143: 语法错误 : 缺少“)”(在“类型”的前面)
     1>e:\c代码\比特66班\20190918\20190918\test.c(73): error C2065: “i”: 未声明的标识符
     1>e:\c代码\比特66班\20190918\20190918\test.c(73): warning C4552: “<”: 运算符不起任何作用；应输入带副作用的运算符
     1>e:\c代码\比特66班\20190918\20190918\test.c(73): error C2059: 语法错误:“)”
     1>e:\c代码\比特66班\20190918\20190918\test.c(74): error C2143: 语法错误 : 缺少“;”(在“{”的前面)
     1>e:\c代码\比特66班\20190918\20190918\test.c(75): error C2143: 语法错误 : 缺少“;”(在“类型”的前面)
     1>e:\c代码\比特66班\20190918\20190918\test.c(75): error C2143: 语法错误 : 缺少“)”(在“类型”的前面)
     1>e:\c代码\比特66班\20190918\20190918\test.c(75): error C2065: “j”: 未声明的标识符
     1>e:\c代码\比特66班\20190918\20190918\test.c(75): warning C4552: “<”: 运算符不起任何作用；应输入带副作用的运算符
     1>e:\c代码\比特66班\20190918\20190918\test.c(75): error C2059: 语法错误:“)”
     1>e:\c代码\比特66班\20190918\20190918\test.c(76): error C2143: 语法错误 : 缺少“;”(在“{”的前面)
     1>e:\c代码\比特66班\20190918\20190918\test.c(77): error C2065: “i”: 未声明的标识符
     1>e:\c代码\比特66班\20190918\20190918\test.c(77): error C2065: “j”: 未声明的标识符
     1>e:\c代码\比特66班\20190918\20190918\test.c(114): error C2143: 语法错误 : 缺少“;”(在“类型”的前面)
     1>e:\c代码\比特66班\20190918\20190918\test.c(119): error C2065: “winner”: 未声明的标识符
     1>e:\c代码\比特66班\20190918\20190918\test.c(124): error C2065: “winner”: 未声明的标识符
     1>e:\c代码\比特66班\20190918\20190918\test.c(128): error C2065: “winner”: 未声明的标识符
     1>e:\c代码\比特66班\20190918\20190918\test.c(129): error C2065: “winner”: 未声明的标识符
     1>e:\c代码\比特66班\20190918\20190918\test.c(133): error C2065: “winner”: 未声明的标识符
     1>e:\c代码\比特66班\20190918\20190918\test.c(137): error C2065: “winner”: 未声明的标识符
     1>已完成生成项目“E:\C代码\比特66班\20190918\20190918\20190918.vcxproj”(Build 个目标)的操作 - 失败。

生成失败。

已用时间 00:00:00.65
